<?xml version="1.0" encoding="UTF-8"?>
<!-- Generated by org.testng.reporters.JUnitReportReporter -->
<testsuite hostname="DESKTOP-ORVEKOM" failures="0" tests="10" name="Database.Database.AppTest" time="55.132" errors="0" timestamp="2025-06-22T14:43:04 GMT+03:00" skipped="0">
  <testcase classname="Database.Database.AppTest" name="registerUserTest" time="9.364"/>
  <system-out/>
  <testcase classname="Database.Database.AppTest" name="loginUserTest" time="3.790"/>
  <system-out/>
  <testcase classname="Database.Database.AppTest" name="productSearchTest" time="3.831"/>
  <system-out/>
  <testcase classname="Database.Database.AppTest" name="addRandomProductToCartTest" time="12.058"/>
  <system-out/>
  <testcase classname="Database.Database.AppTest" name="proceedToCheckoutTest" time="2.386"/>
  <system-out/>
  <testcase classname="Database.Database.AppTest" name="contactUsFormSubmissionTest" time="3.382"/>
  <system-out/>
  <testcase classname="Database.Database.AppTest" name="subscriptionTest" time="6.154"/>
  <system-out/>
  <testcase classname="Database.Database.AppTest" name="viewBrandProductsTest" time="6.798"/>
  <system-out/>
  <testcase classname="Database.Database.AppTest" name="submitProductReviewTest" time="6.236"/>
  <system-out/>
  <testcase classname="Database.Database.AppTest" name="testLogoutFunctionality" time="1.133"/>
  <system-out/>
</testsuite> <!-- Database.Database.AppTest -->
