<?xml version="1.0" encoding="UTF-8"?>
<!-- Generated by org.testng.reporters.JUnitReportReporter -->
<testsuite hostname="DESKTOP-ORVEKOM" failures="0" tests="10" name="Database.Database.AppTest" time="54.043" errors="0" timestamp="2025-06-22T21:18:58 GMT+03:00" skipped="0">
  <testcase classname="Database.Database.AppTest" name="registerUserTest" time="10.176"/>
  <system-out/>
  <testcase classname="Database.Database.AppTest" name="loginUserTest" time="4.610"/>
  <system-out/>
  <testcase classname="Database.Database.AppTest" name="productSearchTest" time="4.192"/>
  <system-out/>
  <testcase classname="Database.Database.AppTest" name="viewBrandProductsTest" time="4.947"/>
  <system-out/>
  <testcase classname="Database.Database.AppTest" name="addRandomProductToCartTest" time="11.761"/>
  <system-out/>
  <testcase classname="Database.Database.AppTest" name="submitProductReviewTest" time="8.349"/>
  <system-out/>
  <testcase classname="Database.Database.AppTest" name="contactUsFormSubmissionTest" time="3.361"/>
  <system-out/>
  <testcase classname="Database.Database.AppTest" name="subscriptionTest" time="2.447"/>
  <system-out/>
  <testcase classname="Database.Database.AppTest" name="proceedToCheckoutTest" time="3.137"/>
  <system-out/>
  <testcase classname="Database.Database.AppTest" name="testLogoutFunctionality" time="1.063"/>
  <system-out/>
</testsuite> <!-- Database.Database.AppTest -->
