<?xml version="1.0" encoding="UTF-8"?>
<!-- Generated by org.testng.reporters.JUnitReportReporter -->
<testsuite hostname="DESKTOP-ORVEKOM" failures="0" tests="4" name="Database.Database.AppTest" time="5.304" errors="0" timestamp="2025-06-04T16:31:45 GMT+03:00" skipped="3">
  <testcase classname="Database.Database.AppTest" name="productSearchTest" time="5.304"/>
  <system-out/>
  <testcase classname="Database.Database.AppTest" name="registerUserTest">
    <skipped/>
  </testcase> <!-- registerUserTest -->
  <system-out/>
  <testcase classname="Database.Database.AppTest" name="verifyHomepageLoadsSuccessfully">
    <skipped/>
  </testcase> <!-- verifyHomepageLoadsSuccessfully -->
  <system-out/>
  <testcase classname="Database.Database.AppTest" name="loginUserTest">
    <skipped/>
  </testcase> <!-- loginUserTest -->
  <system-out/>
</testsuite> <!-- Database.Database.AppTest -->
